[18-Dec-2024 10:46:20 UTC] PHP Fatal error:  Uncaught Error: Class "Elementor_Timeline_Widget" not found in /opt/lampp/htdocs/ascentwebsite/wp-content/plugins/Custom Elementor Timeline/Custom Elementor Timeline.php:17
Stack trace:
#0 /opt/lampp/htdocs/ascentwebsite/wp-includes/class-wp-hook.php(324): cetw_register_timeline_widget(Object(Elementor\Widgets_Manager))
#1 /opt/lampp/htdocs/ascentwebsite/wp-includes/class-wp-hook.php(348): WP_Hook->apply_filters('', Array)
#2 /opt/lampp/htdocs/ascentwebsite/wp-includes/plugin.php(517): WP_Hook->do_action(Array)
#3 /opt/lampp/htdocs/ascentwebsite/wp-content/plugins/elementor/includes/managers/widgets.php(146): do_action('elementor/widge...', Object(Elementor\Widgets_Manager))
#4 /opt/lampp/htdocs/ascentwebsite/wp-content/plugins/elementor/includes/managers/widgets.php(345): Elementor\Widgets_Manager->init_widgets()
#5 /opt/lampp/htdocs/ascentwebsite/wp-content/plugins/elementor/includes/elements/container.php(330): Elementor\Widgets_Manager->get_widget_types('heading')
#6 /opt/lampp/htdocs/ascentwebsite/wp-content/plugins/elementor/includes/base/element-base.php(1502): Elementor\Includes\Elements\Container->_get_default_child_type(Array)
#7 /opt/lampp/htdocs/ascentwebsite/wp-content/plugins/elementor/includes/base/element-base.php(369): Elementor\Element_Base->get_child_type(Array)
#8 /opt/lampp/htdocs/ascentwebsite/wp-content/plugins/elementor/includes/base/element-base.php(1547): Elementor\Element_Base->add_child(Array)
#9 /opt/lampp/htdocs/ascentwebsite/wp-content/plugins/elementor/includes/base/element-base.php(314): Elementor\Element_Base->init_children()
#10 /opt/lampp/htdocs/ascentwebsite/wp-content/plugins/elementor/includes/base/element-base.php(617): Elementor\Element_Base->get_children()
#11 /opt/lampp/htdocs/ascentwebsite/wp-content/plugins/elementor/core/base/document.php(1084): Elementor\Element_Base->get_raw_data(true)
#12 /opt/lampp/htdocs/ascentwebsite/wp-content/plugins/elementor/core/base/document.php(737): Elementor\Core\Base\Document->get_elements_raw_data(Array, true)
#13 /opt/lampp/htdocs/ascentwebsite/wp-content/plugins/elementor/includes/base/controls-stack.php(1070): Elementor\Core\Base\Document->get_initial_config()
#14 /opt/lampp/htdocs/ascentwebsite/wp-content/plugins/elementor/core/editor/loader/common/editor-common-scripts-settings.php(38): Elementor\Controls_Stack->get_config()
#15 /opt/lampp/htdocs/ascentwebsite/wp-content/plugins/elementor/core/editor/loader/v2/editor-v2-loader.php(145): Elementor\Core\Editor\Loader\Common\Editor_Common_Scripts_Settings::get()
#16 /opt/lampp/htdocs/ascentwebsite/wp-content/plugins/elementor/core/editor/editor.php(364): Elementor\Core\Editor\Loader\V2\Editor_V2_Loader->enqueue_scripts()
#17 /opt/lampp/htdocs/ascentwebsite/wp-includes/class-wp-hook.php(324): Elementor\Core\Editor\Editor->enqueue_scripts('')
#18 /opt/lampp/htdocs/ascentwebsite/wp-includes/class-wp-hook.php(348): WP_Hook->apply_filters('', Array)
#19 /opt/lampp/htdocs/ascentwebsite/wp-includes/plugin.php(517): WP_Hook->do_action(Array)
#20 /opt/lampp/htdocs/ascentwebsite/wp-includes/script-loader.php(2272): do_action('wp_enqueue_scri...')
#21 /opt/lampp/htdocs/ascentwebsite/wp-includes/class-wp-hook.php(324): wp_enqueue_scripts('')
#22 /opt/lampp/htdocs/ascentwebsite/wp-includes/class-wp-hook.php(348): WP_Hook->apply_filters('', Array)
#23 /opt/lampp/htdocs/ascentwebsite/wp-includes/plugin.php(517): WP_Hook->do_action(Array)
#24 /opt/lampp/htdocs/ascentwebsite/wp-includes/general-template.php(3064): do_action('wp_head')
#25 /opt/lampp/htdocs/ascentwebsite/wp-content/plugins/elementor/includes/editor-templates/editor-wrapper.php(31): wp_head()
#26 /opt/lampp/htdocs/ascentwebsite/wp-content/plugins/elementor/core/editor/loader/v2/editor-v2-loader.php(195): include('/opt/lampp/htdo...')
#27 /opt/lampp/htdocs/ascentwebsite/wp-content/plugins/elementor/core/editor/editor.php(169): Elementor\Core\Editor\Loader\V2\Editor_V2_Loader->print_root_template()
#28 /opt/lampp/htdocs/ascentwebsite/wp-includes/class-wp-hook.php(324): Elementor\Core\Editor\Editor->init('')
#29 /opt/lampp/htdocs/ascentwebsite/wp-includes/class-wp-hook.php(348): WP_Hook->apply_filters('', Array)
#30 /opt/lampp/htdocs/ascentwebsite/wp-includes/plugin.php(517): WP_Hook->do_action(Array)
#31 /opt/lampp/htdocs/ascentwebsite/wp-admin/admin.php(419): do_action('admin_action_el...')
#32 /opt/lampp/htdocs/ascentwebsite/wp-admin/post.php(12): require_once('/opt/lampp/htdo...')
#33 {main}
  thrown in /opt/lampp/htdocs/ascentwebsite/wp-content/plugins/Custom Elementor Timeline/Custom Elementor Timeline.php on line 17
[18-Dec-2024 10:46:23 UTC] PHP Fatal error:  Uncaught Error: Class "Elementor_Timeline_Widget" not found in /opt/lampp/htdocs/ascentwebsite/wp-content/plugins/Custom Elementor Timeline/Custom Elementor Timeline.php:17
Stack trace:
#0 /opt/lampp/htdocs/ascentwebsite/wp-includes/class-wp-hook.php(324): cetw_register_timeline_widget(Object(Elementor\Widgets_Manager))
#1 /opt/lampp/htdocs/ascentwebsite/wp-includes/class-wp-hook.php(348): WP_Hook->apply_filters('', Array)
#2 /opt/lampp/htdocs/ascentwebsite/wp-includes/plugin.php(517): WP_Hook->do_action(Array)
#3 /opt/lampp/htdocs/ascentwebsite/wp-content/plugins/elementor/includes/managers/widgets.php(146): do_action('elementor/widge...', Object(Elementor\Widgets_Manager))
#4 /opt/lampp/htdocs/ascentwebsite/wp-content/plugins/elementor/includes/managers/widgets.php(345): Elementor\Widgets_Manager->init_widgets()
#5 /opt/lampp/htdocs/ascentwebsite/wp-content/plugins/elementor/includes/elements/container.php(330): Elementor\Widgets_Manager->get_widget_types('heading')
#6 /opt/lampp/htdocs/ascentwebsite/wp-content/plugins/elementor/includes/base/element-base.php(1502): Elementor\Includes\Elements\Container->_get_default_child_type(Array)
#7 /opt/lampp/htdocs/ascentwebsite/wp-content/plugins/elementor/includes/base/element-base.php(369): Elementor\Element_Base->get_child_type(Array)
#8 /opt/lampp/htdocs/ascentwebsite/wp-content/plugins/elementor/includes/base/element-base.php(1547): Elementor\Element_Base->add_child(Array)
#9 /opt/lampp/htdocs/ascentwebsite/wp-content/plugins/elementor/includes/base/element-base.php(314): Elementor\Element_Base->init_children()
#10 /opt/lampp/htdocs/ascentwebsite/wp-content/plugins/elementor/includes/base/element-base.php(617): Elementor\Element_Base->get_children()
#11 /opt/lampp/htdocs/ascentwebsite/wp-content/plugins/elementor/core/base/document.php(1084): Elementor\Element_Base->get_raw_data(true)
#12 /opt/lampp/htdocs/ascentwebsite/wp-content/plugins/elementor/core/base/document.php(737): Elementor\Core\Base\Document->get_elements_raw_data(Array, true)
#13 /opt/lampp/htdocs/ascentwebsite/wp-content/plugins/elementor/includes/base/controls-stack.php(1070): Elementor\Core\Base\Document->get_initial_config()
#14 /opt/lampp/htdocs/ascentwebsite/wp-content/plugins/elementor/core/editor/loader/common/editor-common-scripts-settings.php(38): Elementor\Controls_Stack->get_config()
#15 /opt/lampp/htdocs/ascentwebsite/wp-content/plugins/elementor/core/editor/loader/v2/editor-v2-loader.php(145): Elementor\Core\Editor\Loader\Common\Editor_Common_Scripts_Settings::get()
#16 /opt/lampp/htdocs/ascentwebsite/wp-content/plugins/elementor/core/editor/editor.php(364): Elementor\Core\Editor\Loader\V2\Editor_V2_Loader->enqueue_scripts()
#17 /opt/lampp/htdocs/ascentwebsite/wp-includes/class-wp-hook.php(324): Elementor\Core\Editor\Editor->enqueue_scripts('')
#18 /opt/lampp/htdocs/ascentwebsite/wp-includes/class-wp-hook.php(348): WP_Hook->apply_filters('', Array)
#19 /opt/lampp/htdocs/ascentwebsite/wp-includes/plugin.php(517): WP_Hook->do_action(Array)
#20 /opt/lampp/htdocs/ascentwebsite/wp-includes/script-loader.php(2272): do_action('wp_enqueue_scri...')
#21 /opt/lampp/htdocs/ascentwebsite/wp-includes/class-wp-hook.php(324): wp_enqueue_scripts('')
#22 /opt/lampp/htdocs/ascentwebsite/wp-includes/class-wp-hook.php(348): WP_Hook->apply_filters('', Array)
#23 /opt/lampp/htdocs/ascentwebsite/wp-includes/plugin.php(517): WP_Hook->do_action(Array)
#24 /opt/lampp/htdocs/ascentwebsite/wp-includes/general-template.php(3064): do_action('wp_head')
#25 /opt/lampp/htdocs/ascentwebsite/wp-content/plugins/elementor/includes/editor-templates/editor-wrapper.php(31): wp_head()
#26 /opt/lampp/htdocs/ascentwebsite/wp-content/plugins/elementor/core/editor/loader/v2/editor-v2-loader.php(195): include('/opt/lampp/htdo...')
#27 /opt/lampp/htdocs/ascentwebsite/wp-content/plugins/elementor/core/editor/editor.php(169): Elementor\Core\Editor\Loader\V2\Editor_V2_Loader->print_root_template()
#28 /opt/lampp/htdocs/ascentwebsite/wp-includes/class-wp-hook.php(324): Elementor\Core\Editor\Editor->init('')
#29 /opt/lampp/htdocs/ascentwebsite/wp-includes/class-wp-hook.php(348): WP_Hook->apply_filters('', Array)
#30 /opt/lampp/htdocs/ascentwebsite/wp-includes/plugin.php(517): WP_Hook->do_action(Array)
#31 /opt/lampp/htdocs/ascentwebsite/wp-admin/admin.php(419): do_action('admin_action_el...')
#32 /opt/lampp/htdocs/ascentwebsite/wp-admin/post.php(12): require_once('/opt/lampp/htdo...')
#33 {main}
  thrown in /opt/lampp/htdocs/ascentwebsite/wp-content/plugins/Custom Elementor Timeline/Custom Elementor Timeline.php on line 17
[18-Dec-2024 10:47:14 UTC] PHP Fatal error:  Uncaught Error: Class "Elementor_Timeline_Widget" not found in /opt/lampp/htdocs/ascentwebsite/wp-content/plugins/Custom Elementor Timeline/Custom Elementor Timeline.php:17
Stack trace:
#0 /opt/lampp/htdocs/ascentwebsite/wp-includes/class-wp-hook.php(324): cetw_register_timeline_widget(Object(Elementor\Widgets_Manager))
#1 /opt/lampp/htdocs/ascentwebsite/wp-includes/class-wp-hook.php(348): WP_Hook->apply_filters('', Array)
#2 /opt/lampp/htdocs/ascentwebsite/wp-includes/plugin.php(517): WP_Hook->do_action(Array)
#3 /opt/lampp/htdocs/ascentwebsite/wp-content/plugins/elementor/includes/managers/widgets.php(146): do_action('elementor/widge...', Object(Elementor\Widgets_Manager))
#4 /opt/lampp/htdocs/ascentwebsite/wp-content/plugins/elementor/includes/managers/widgets.php(345): Elementor\Widgets_Manager->init_widgets()
#5 /opt/lampp/htdocs/ascentwebsite/wp-content/plugins/elementor/includes/elements/container.php(330): Elementor\Widgets_Manager->get_widget_types('heading')
#6 /opt/lampp/htdocs/ascentwebsite/wp-content/plugins/elementor/includes/base/element-base.php(1502): Elementor\Includes\Elements\Container->_get_default_child_type(Array)
#7 /opt/lampp/htdocs/ascentwebsite/wp-content/plugins/elementor/includes/base/element-base.php(369): Elementor\Element_Base->get_child_type(Array)
#8 /opt/lampp/htdocs/ascentwebsite/wp-content/plugins/elementor/includes/base/element-base.php(1547): Elementor\Element_Base->add_child(Array)
#9 /opt/lampp/htdocs/ascentwebsite/wp-content/plugins/elementor/includes/base/element-base.php(314): Elementor\Element_Base->init_children()
#10 /opt/lampp/htdocs/ascentwebsite/wp-content/plugins/elementor/includes/base/element-base.php(617): Elementor\Element_Base->get_children()
#11 /opt/lampp/htdocs/ascentwebsite/wp-content/plugins/elementor/core/base/document.php(1084): Elementor\Element_Base->get_raw_data(true)
#12 /opt/lampp/htdocs/ascentwebsite/wp-content/plugins/elementor/core/base/document.php(737): Elementor\Core\Base\Document->get_elements_raw_data(Array, true)
#13 /opt/lampp/htdocs/ascentwebsite/wp-content/plugins/elementor/includes/base/controls-stack.php(1070): Elementor\Core\Base\Document->get_initial_config()
#14 /opt/lampp/htdocs/ascentwebsite/wp-content/plugins/elementor/core/editor/loader/common/editor-common-scripts-settings.php(38): Elementor\Controls_Stack->get_config()
#15 /opt/lampp/htdocs/ascentwebsite/wp-content/plugins/elementor/core/editor/loader/v2/editor-v2-loader.php(145): Elementor\Core\Editor\Loader\Common\Editor_Common_Scripts_Settings::get()
#16 /opt/lampp/htdocs/ascentwebsite/wp-content/plugins/elementor/core/editor/editor.php(364): Elementor\Core\Editor\Loader\V2\Editor_V2_Loader->enqueue_scripts()
#17 /opt/lampp/htdocs/ascentwebsite/wp-includes/class-wp-hook.php(324): Elementor\Core\Editor\Editor->enqueue_scripts('')
#18 /opt/lampp/htdocs/ascentwebsite/wp-includes/class-wp-hook.php(348): WP_Hook->apply_filters('', Array)
#19 /opt/lampp/htdocs/ascentwebsite/wp-includes/plugin.php(517): WP_Hook->do_action(Array)
#20 /opt/lampp/htdocs/ascentwebsite/wp-includes/script-loader.php(2272): do_action('wp_enqueue_scri...')
#21 /opt/lampp/htdocs/ascentwebsite/wp-includes/class-wp-hook.php(324): wp_enqueue_scripts('')
#22 /opt/lampp/htdocs/ascentwebsite/wp-includes/class-wp-hook.php(348): WP_Hook->apply_filters('', Array)
#23 /opt/lampp/htdocs/ascentwebsite/wp-includes/plugin.php(517): WP_Hook->do_action(Array)
#24 /opt/lampp/htdocs/ascentwebsite/wp-includes/general-template.php(3064): do_action('wp_head')
#25 /opt/lampp/htdocs/ascentwebsite/wp-content/plugins/elementor/includes/editor-templates/editor-wrapper.php(31): wp_head()
#26 /opt/lampp/htdocs/ascentwebsite/wp-content/plugins/elementor/core/editor/loader/v2/editor-v2-loader.php(195): include('/opt/lampp/htdo...')
#27 /opt/lampp/htdocs/ascentwebsite/wp-content/plugins/elementor/core/editor/editor.php(169): Elementor\Core\Editor\Loader\V2\Editor_V2_Loader->print_root_template()
#28 /opt/lampp/htdocs/ascentwebsite/wp-includes/class-wp-hook.php(324): Elementor\Core\Editor\Editor->init('')
#29 /opt/lampp/htdocs/ascentwebsite/wp-includes/class-wp-hook.php(348): WP_Hook->apply_filters('', Array)
#30 /opt/lampp/htdocs/ascentwebsite/wp-includes/plugin.php(517): WP_Hook->do_action(Array)
#31 /opt/lampp/htdocs/ascentwebsite/wp-admin/admin.php(419): do_action('admin_action_el...')
#32 /opt/lampp/htdocs/ascentwebsite/wp-admin/post.php(12): require_once('/opt/lampp/htdo...')
#33 {main}
  thrown in /opt/lampp/htdocs/ascentwebsite/wp-content/plugins/Custom Elementor Timeline/Custom Elementor Timeline.php on line 17
[18-Dec-2024 10:47:28 UTC] PHP Fatal error:  Uncaught Error: Class "Elementor_Timeline_Widget" not found in /opt/lampp/htdocs/ascentwebsite/wp-content/plugins/Custom Elementor Timeline/Custom Elementor Timeline.php:17
Stack trace:
#0 /opt/lampp/htdocs/ascentwebsite/wp-includes/class-wp-hook.php(324): cetw_register_timeline_widget(Object(Elementor\Widgets_Manager))
#1 /opt/lampp/htdocs/ascentwebsite/wp-includes/class-wp-hook.php(348): WP_Hook->apply_filters('', Array)
#2 /opt/lampp/htdocs/ascentwebsite/wp-includes/plugin.php(517): WP_Hook->do_action(Array)
#3 /opt/lampp/htdocs/ascentwebsite/wp-content/plugins/elementor/includes/managers/widgets.php(146): do_action('elementor/widge...', Object(Elementor\Widgets_Manager))
#4 /opt/lampp/htdocs/ascentwebsite/wp-content/plugins/elementor/includes/managers/widgets.php(345): Elementor\Widgets_Manager->init_widgets()
#5 /opt/lampp/htdocs/ascentwebsite/wp-content/plugins/elementor/includes/elements/container.php(330): Elementor\Widgets_Manager->get_widget_types('heading')
#6 /opt/lampp/htdocs/ascentwebsite/wp-content/plugins/elementor/includes/base/element-base.php(1502): Elementor\Includes\Elements\Container->_get_default_child_type(Array)
#7 /opt/lampp/htdocs/ascentwebsite/wp-content/plugins/elementor/includes/base/element-base.php(369): Elementor\Element_Base->get_child_type(Array)
#8 /opt/lampp/htdocs/ascentwebsite/wp-content/plugins/elementor/includes/base/element-base.php(1547): Elementor\Element_Base->add_child(Array)
#9 /opt/lampp/htdocs/ascentwebsite/wp-content/plugins/elementor/includes/base/element-base.php(314): Elementor\Element_Base->init_children()
#10 /opt/lampp/htdocs/ascentwebsite/wp-content/plugins/elementor/includes/base/element-base.php(617): Elementor\Element_Base->get_children()
#11 /opt/lampp/htdocs/ascentwebsite/wp-content/plugins/elementor/core/base/document.php(1084): Elementor\Element_Base->get_raw_data(true)
#12 /opt/lampp/htdocs/ascentwebsite/wp-content/plugins/elementor/core/base/document.php(737): Elementor\Core\Base\Document->get_elements_raw_data(Array, true)
#13 /opt/lampp/htdocs/ascentwebsite/wp-content/plugins/elementor/includes/base/controls-stack.php(1070): Elementor\Core\Base\Document->get_initial_config()
#14 /opt/lampp/htdocs/ascentwebsite/wp-content/plugins/elementor/core/editor/loader/common/editor-common-scripts-settings.php(38): Elementor\Controls_Stack->get_config()
#15 /opt/lampp/htdocs/ascentwebsite/wp-content/plugins/elementor/core/editor/loader/v2/editor-v2-loader.php(145): Elementor\Core\Editor\Loader\Common\Editor_Common_Scripts_Settings::get()
#16 /opt/lampp/htdocs/ascentwebsite/wp-content/plugins/elementor/core/editor/editor.php(364): Elementor\Core\Editor\Loader\V2\Editor_V2_Loader->enqueue_scripts()
#17 /opt/lampp/htdocs/ascentwebsite/wp-includes/class-wp-hook.php(324): Elementor\Core\Editor\Editor->enqueue_scripts('')
#18 /opt/lampp/htdocs/ascentwebsite/wp-includes/class-wp-hook.php(348): WP_Hook->apply_filters('', Array)
#19 /opt/lampp/htdocs/ascentwebsite/wp-includes/plugin.php(517): WP_Hook->do_action(Array)
#20 /opt/lampp/htdocs/ascentwebsite/wp-includes/script-loader.php(2272): do_action('wp_enqueue_scri...')
#21 /opt/lampp/htdocs/ascentwebsite/wp-includes/class-wp-hook.php(324): wp_enqueue_scripts('')
#22 /opt/lampp/htdocs/ascentwebsite/wp-includes/class-wp-hook.php(348): WP_Hook->apply_filters('', Array)
#23 /opt/lampp/htdocs/ascentwebsite/wp-includes/plugin.php(517): WP_Hook->do_action(Array)
#24 /opt/lampp/htdocs/ascentwebsite/wp-includes/general-template.php(3064): do_action('wp_head')
#25 /opt/lampp/htdocs/ascentwebsite/wp-content/plugins/elementor/includes/editor-templates/editor-wrapper.php(31): wp_head()
#26 /opt/lampp/htdocs/ascentwebsite/wp-content/plugins/elementor/core/editor/loader/v2/editor-v2-loader.php(195): include('/opt/lampp/htdo...')
#27 /opt/lampp/htdocs/ascentwebsite/wp-content/plugins/elementor/core/editor/editor.php(169): Elementor\Core\Editor\Loader\V2\Editor_V2_Loader->print_root_template()
#28 /opt/lampp/htdocs/ascentwebsite/wp-includes/class-wp-hook.php(324): Elementor\Core\Editor\Editor->init('')
#29 /opt/lampp/htdocs/ascentwebsite/wp-includes/class-wp-hook.php(348): WP_Hook->apply_filters('', Array)
#30 /opt/lampp/htdocs/ascentwebsite/wp-includes/plugin.php(517): WP_Hook->do_action(Array)
#31 /opt/lampp/htdocs/ascentwebsite/wp-admin/admin.php(419): do_action('admin_action_el...')
#32 /opt/lampp/htdocs/ascentwebsite/wp-admin/post.php(12): require_once('/opt/lampp/htdo...')
#33 {main}
  thrown in /opt/lampp/htdocs/ascentwebsite/wp-content/plugins/Custom Elementor Timeline/Custom Elementor Timeline.php on line 17
[18-Dec-2024 10:50:10 UTC] PHP Notice:  Function wp_enqueue_script() was called <strong>incorrectly</strong>. "wp-editor" script should not be enqueued together with the new widgets editor (wp-edit-widgets or wp-customize-widgets). Please see <a href="https://developer.wordpress.org/advanced-administration/debug/debug-wordpress/">Debugging in WordPress</a> for more information. (This message was added in version 5.8.0.) in /opt/lampp/htdocs/ascentwebsite/wp-includes/functions.php on line 6114
[18-Dec-2024 11:01:26 UTC] PHP Fatal error:  Uncaught Error: Class "Elementor_Timeline_Slider_Widget" not found in /opt/lampp/htdocs/ascentwebsite/wp-content/plugins/Custom Timeline Slider/custom-timeline-slider.php:16
Stack trace:
#0 /opt/lampp/htdocs/ascentwebsite/wp-includes/class-wp-hook.php(324): cts_register_timeline_slider_widget(Object(Elementor\Widgets_Manager))
#1 /opt/lampp/htdocs/ascentwebsite/wp-includes/class-wp-hook.php(348): WP_Hook->apply_filters('', Array)
#2 /opt/lampp/htdocs/ascentwebsite/wp-includes/plugin.php(517): WP_Hook->do_action(Array)
#3 /opt/lampp/htdocs/ascentwebsite/wp-content/plugins/elementor/includes/managers/widgets.php(146): do_action('elementor/widge...', Object(Elementor\Widgets_Manager))
#4 /opt/lampp/htdocs/ascentwebsite/wp-content/plugins/elementor/includes/managers/widgets.php(345): Elementor\Widgets_Manager->init_widgets()
#5 /opt/lampp/htdocs/ascentwebsite/wp-content/plugins/elementor/includes/elements/container.php(330): Elementor\Widgets_Manager->get_widget_types('heading')
#6 /opt/lampp/htdocs/ascentwebsite/wp-content/plugins/elementor/includes/base/element-base.php(1502): Elementor\Includes\Elements\Container->_get_default_child_type(Array)
#7 /opt/lampp/htdocs/ascentwebsite/wp-content/plugins/elementor/includes/base/element-base.php(369): Elementor\Element_Base->get_child_type(Array)
#8 /opt/lampp/htdocs/ascentwebsite/wp-content/plugins/elementor/includes/base/element-base.php(1547): Elementor\Element_Base->add_child(Array)
#9 /opt/lampp/htdocs/ascentwebsite/wp-content/plugins/elementor/includes/base/element-base.php(314): Elementor\Element_Base->init_children()
#10 /opt/lampp/htdocs/ascentwebsite/wp-content/plugins/elementor/includes/base/element-base.php(617): Elementor\Element_Base->get_children()
#11 /opt/lampp/htdocs/ascentwebsite/wp-content/plugins/elementor/core/base/document.php(1084): Elementor\Element_Base->get_raw_data(true)
#12 /opt/lampp/htdocs/ascentwebsite/wp-content/plugins/elementor/core/base/document.php(737): Elementor\Core\Base\Document->get_elements_raw_data(Array, true)
#13 /opt/lampp/htdocs/ascentwebsite/wp-content/plugins/elementor/includes/base/controls-stack.php(1070): Elementor\Core\Base\Document->get_initial_config()
#14 /opt/lampp/htdocs/ascentwebsite/wp-content/plugins/elementor/core/editor/loader/common/editor-common-scripts-settings.php(38): Elementor\Controls_Stack->get_config()
#15 /opt/lampp/htdocs/ascentwebsite/wp-content/plugins/elementor/core/editor/loader/v2/editor-v2-loader.php(145): Elementor\Core\Editor\Loader\Common\Editor_Common_Scripts_Settings::get()
#16 /opt/lampp/htdocs/ascentwebsite/wp-content/plugins/elementor/core/editor/editor.php(364): Elementor\Core\Editor\Loader\V2\Editor_V2_Loader->enqueue_scripts()
#17 /opt/lampp/htdocs/ascentwebsite/wp-includes/class-wp-hook.php(324): Elementor\Core\Editor\Editor->enqueue_scripts('')
#18 /opt/lampp/htdocs/ascentwebsite/wp-includes/class-wp-hook.php(348): WP_Hook->apply_filters('', Array)
#19 /opt/lampp/htdocs/ascentwebsite/wp-includes/plugin.php(517): WP_Hook->do_action(Array)
#20 /opt/lampp/htdocs/ascentwebsite/wp-includes/script-loader.php(2272): do_action('wp_enqueue_scri...')
#21 /opt/lampp/htdocs/ascentwebsite/wp-includes/class-wp-hook.php(324): wp_enqueue_scripts('')
#22 /opt/lampp/htdocs/ascentwebsite/wp-includes/class-wp-hook.php(348): WP_Hook->apply_filters('', Array)
#23 /opt/lampp/htdocs/ascentwebsite/wp-includes/plugin.php(517): WP_Hook->do_action(Array)
#24 /opt/lampp/htdocs/ascentwebsite/wp-includes/general-template.php(3064): do_action('wp_head')
#25 /opt/lampp/htdocs/ascentwebsite/wp-content/plugins/elementor/includes/editor-templates/editor-wrapper.php(31): wp_head()
#26 /opt/lampp/htdocs/ascentwebsite/wp-content/plugins/elementor/core/editor/loader/v2/editor-v2-loader.php(195): include('/opt/lampp/htdo...')
#27 /opt/lampp/htdocs/ascentwebsite/wp-content/plugins/elementor/core/editor/editor.php(169): Elementor\Core\Editor\Loader\V2\Editor_V2_Loader->print_root_template()
#28 /opt/lampp/htdocs/ascentwebsite/wp-includes/class-wp-hook.php(324): Elementor\Core\Editor\Editor->init('')
#29 /opt/lampp/htdocs/ascentwebsite/wp-includes/class-wp-hook.php(348): WP_Hook->apply_filters('', Array)
#30 /opt/lampp/htdocs/ascentwebsite/wp-includes/plugin.php(517): WP_Hook->do_action(Array)
#31 /opt/lampp/htdocs/ascentwebsite/wp-admin/admin.php(419): do_action('admin_action_el...')
#32 /opt/lampp/htdocs/ascentwebsite/wp-admin/post.php(12): require_once('/opt/lampp/htdo...')
#33 {main}
  thrown in /opt/lampp/htdocs/ascentwebsite/wp-content/plugins/Custom Timeline Slider/custom-timeline-slider.php on line 16
